[ 2016-06-17T12:18:36+08:00 ] ::1 /test/index.php/
INFO: [ app_init ] --START--
INFO: Run Behavior\BuildLiteBehavior [ RunTime:0.000000s ]
INFO: [ app_init ] --END-- [ RunTime:0.000000s ]
INFO: [ app_begin ] --START--
INFO: Run Behavior\ReadHtmlCacheBehavior [ RunTime:0.001000s ]
INFO: [ app_begin ] --END-- [ RunTime:0.001000s ]
INFO: [ view_parse ] --START--
INFO: Run Behavior\ParseTemplateBehavior [ RunTime:0.019001s ]
INFO: [ view_parse ] --END-- [ RunTime:0.019001s ]
INFO: [ view_filter ] --START--
INFO: Run Behavior\WriteHtmlCacheBehavior [ RunTime:0.000000s ]
INFO: [ view_filter ] --END-- [ RunTime:0.000000s ]
INFO: [ view_parse ] --START--
INFO: [ template_filter ] --START--
INFO: Run Behavior\ContentReplaceBehavior [ RunTime:0.000000s ]
INFO: [ template_filter ] --END-- [ RunTime:0.000000s ]
NOTIC: [8] Undefined variable: arr D:\xampp\htdocs\test\Application\Runtime\Cache\Home\5f1ee435d3f602d14be94a416f733bd3.php 第 12 行.
NOTIC: [8] Undefined variable: name D:\xampp\htdocs\test\Application\Runtime\Cache\Home\5f1ee435d3f602d14be94a416f733bd3.php 第 20 行.
NOTIC: [8] Undefined variable: name D:\xampp\htdocs\test\Application\Runtime\Cache\Home\5f1ee435d3f602d14be94a416f733bd3.php 第 21 行.
NOTIC: [8] Undefined variable: name D:\xampp\htdocs\test\Application\Runtime\Cache\Home\5f1ee435d3f602d14be94a416f733bd3.php 第 25 行.
INFO: Run Behavior\ParseTemplateBehavior [ RunTime:0.109006s ]
INFO: [ view_parse ] --END-- [ RunTime:-0.001000s ]
INFO: [ view_filter ] --START--
INFO: Run Behavior\WriteHtmlCacheBehavior [ RunTime:0.001000s ]
INFO: [ view_filter ] --END-- [ RunTime:-0.110006s ]
INFO: [ view_parse ] --START--
INFO: [ template_filter ] --START--
INFO: Run Behavior\ContentReplaceBehavior [ RunTime:0.000000s ]
INFO: [ template_filter ] --END-- [ RunTime:-0.028001s ]
NOTIC: [8] Undefined variable: arr D:\xampp\htdocs\test\Application\Runtime\Cache\Home\5f1ee435d3f602d14be94a416f733bd3.php 第 12 行.
NOTIC: [8] Undefined variable: name D:\xampp\htdocs\test\Application\Runtime\Cache\Home\5f1ee435d3f602d14be94a416f733bd3.php 第 20 行.
NOTIC: [8] Undefined variable: name D:\xampp\htdocs\test\Application\Runtime\Cache\Home\5f1ee435d3f602d14be94a416f733bd3.php 第 21 行.
NOTIC: [8] Undefined variable: name D:\xampp\htdocs\test\Application\Runtime\Cache\Home\5f1ee435d3f602d14be94a416f733bd3.php 第 25 行.
INFO: Run Behavior\ParseTemplateBehavior [ RunTime:0.026002s ]
INFO: [ view_parse ] --END-- [ RunTime:-0.111006s ]
INFO: [ view_filter ] --START--
INFO: Run Behavior\WriteHtmlCacheBehavior [ RunTime:0.000000s ]
INFO: [ view_filter ] --END-- [ RunTime:-0.137008s ]
INFO: [ view_parse ] --START--
INFO: [ template_filter ] --START--
INFO: Run Behavior\ContentReplaceBehavior [ RunTime:0.000000s ]
INFO: [ template_filter ] --END-- [ RunTime:-0.057003s ]
INFO: Run Behavior\ParseTemplateBehavior [ RunTime:0.012000s ]
INFO: [ view_parse ] --END-- [ RunTime:-0.137008s ]
INFO: [ view_filter ] --START--
INFO: Run Behavior\WriteHtmlCacheBehavior [ RunTime:0.000000s ]
INFO: [ view_filter ] --END-- [ RunTime:-0.149008s ]
INFO: [ app_end ] --START--
INFO: Run Behavior\ShowPageTraceBehavior [ RunTime:0.002000s ]
INFO: [ app_end ] --END-- [ RunTime:0.002000s ]

[ 2016-06-17T12:18:58+08:00 ] ::1 /test/index.php/Home/Index/index
INFO: [ app_init ] --START--
INFO: Run Behavior\BuildLiteBehavior [ RunTime:0.000000s ]
INFO: [ app_init ] --END-- [ RunTime:0.000000s ]
INFO: [ app_begin ] --START--
INFO: Run Behavior\ReadHtmlCacheBehavior [ RunTime:0.000000s ]
INFO: [ app_begin ] --END-- [ RunTime:0.000000s ]
INFO: [ view_parse ] --START--
INFO: Run Behavior\ParseTemplateBehavior [ RunTime:0.000000s ]
INFO: [ view_parse ] --END-- [ RunTime:0.000000s ]
INFO: [ view_filter ] --START--
INFO: Run Behavior\WriteHtmlCacheBehavior [ RunTime:0.001000s ]
INFO: [ view_filter ] --END-- [ RunTime:0.001000s ]
INFO: [ view_parse ] --START--
INFO: [ template_filter ] --START--
INFO: Run Behavior\ContentReplaceBehavior [ RunTime:0.000000s ]
INFO: [ template_filter ] --END-- [ RunTime:0.000000s ]
NOTIC: [8] Undefined variable: arr D:\xampp\htdocs\test\Application\Runtime\Cache\Home\5f1ee435d3f602d14be94a416f733bd3.php 第 12 行.
NOTIC: [8] Undefined variable: name D:\xampp\htdocs\test\Application\Runtime\Cache\Home\5f1ee435d3f602d14be94a416f733bd3.php 第 20 行.
NOTIC: [8] Undefined variable: name D:\xampp\htdocs\test\Application\Runtime\Cache\Home\5f1ee435d3f602d14be94a416f733bd3.php 第 21 行.
NOTIC: [8] Undefined variable: name D:\xampp\htdocs\test\Application\Runtime\Cache\Home\5f1ee435d3f602d14be94a416f733bd3.php 第 25 行.
INFO: Run Behavior\ParseTemplateBehavior [ RunTime:0.031002s ]
INFO: [ view_parse ] --END-- [ RunTime:-0.001000s ]
INFO: [ view_filter ] --START--
INFO: Run Behavior\WriteHtmlCacheBehavior [ RunTime:0.001000s ]
INFO: [ view_filter ] --END-- [ RunTime:-0.031002s ]
INFO: [ view_parse ] --START--
INFO: [ template_filter ] --START--
INFO: Run Behavior\ContentReplaceBehavior [ RunTime:0.000000s ]
INFO: [ template_filter ] --END-- [ RunTime:-0.026001s ]
NOTIC: [8] Undefined variable: arr D:\xampp\htdocs\test\Application\Runtime\Cache\Home\5f1ee435d3f602d14be94a416f733bd3.php 第 12 行.
NOTIC: [8] Undefined variable: name D:\xampp\htdocs\test\Application\Runtime\Cache\Home\5f1ee435d3f602d14be94a416f733bd3.php 第 20 行.
NOTIC: [8] Undefined variable: name D:\xampp\htdocs\test\Application\Runtime\Cache\Home\5f1ee435d3f602d14be94a416f733bd3.php 第 21 行.
NOTIC: [8] Undefined variable: name D:\xampp\htdocs\test\Application\Runtime\Cache\Home\5f1ee435d3f602d14be94a416f733bd3.php 第 25 行.
INFO: Run Behavior\ParseTemplateBehavior [ RunTime:0.025002s ]
INFO: [ view_parse ] --END-- [ RunTime:-0.033002s ]
INFO: [ view_filter ] --START--
INFO: Run Behavior\WriteHtmlCacheBehavior [ RunTime:0.000000s ]
INFO: [ view_filter ] --END-- [ RunTime:-0.057004s ]
INFO: [ view_parse ] --START--
INFO: [ template_filter ] --START--
INFO: Run Behavior\ContentReplaceBehavior [ RunTime:0.000000s ]
INFO: [ template_filter ] --END-- [ RunTime:-0.050003s ]
INFO: Run Behavior\ParseTemplateBehavior [ RunTime:0.002000s ]
INFO: [ view_parse ] --END-- [ RunTime:-0.059004s ]
INFO: [ view_filter ] --START--
INFO: Run Behavior\WriteHtmlCacheBehavior [ RunTime:0.000000s ]
INFO: [ view_filter ] --END-- [ RunTime:-0.060004s ]
INFO: [ app_end ] --START--
INFO: Run Behavior\ShowPageTraceBehavior [ RunTime:0.001000s ]
INFO: [ app_end ] --END-- [ RunTime:0.001000s ]

[ 2016-06-17T15:22:23+08:00 ] ::1 /test/home.php/Home/Home
INFO: [ app_init ] --START--
INFO: Run Behavior\BuildLiteBehavior [ RunTime:0.000000s ]
INFO: [ app_init ] --END-- [ RunTime:0.001000s ]
INFO: [ app_begin ] --START--
INFO: Run Behavior\ReadHtmlCacheBehavior [ RunTime:0.001000s ]
INFO: [ app_begin ] --END-- [ RunTime:0.001000s ]
ERR: 无法加载数据库驱动: Think\Db\Driver\

[ 2016-06-17T15:22:37+08:00 ] ::1 /test/home.php/Home/Home/index
INFO: [ app_init ] --START--
INFO: Run Behavior\BuildLiteBehavior [ RunTime:0.000000s ]
INFO: [ app_init ] --END-- [ RunTime:0.001000s ]
INFO: [ app_begin ] --START--
INFO: Run Behavior\ReadHtmlCacheBehavior [ RunTime:0.001000s ]
INFO: [ app_begin ] --END-- [ RunTime:0.001000s ]
ERR: 无法加载数据库驱动: Think\Db\Driver\

