[ 2016-06-22T11:46:15+08:00 ] ::1 /test/Application/public/Admin/images/leftdhbg.jpg
ERR: 无法加载模块:Application

[ 2016-06-22T11:46:15+08:00 ] ::1 /test/Application/public/Admin/images/leftbgbt2.jpg
ERR: 无法加载模块:Application

[ 2016-06-22T11:47:35+08:00 ] ::1 /test/Application/public/Admin/images/leftdhbg.jpg
ERR: 无法加载模块:Application

[ 2016-06-22T11:47:35+08:00 ] ::1 /test/Application/public/Admin/images/leftbgbt2.jpg
ERR: 无法加载模块:Application

[ 2016-06-22T11:47:50+08:00 ] ::1 /test/Application/public/Admin/images/leftdhbg.jpg
ERR: 无法加载模块:Application

[ 2016-06-22T11:47:50+08:00 ] ::1 /test/Application/public/Admin/images/leftbgbt2.jpg
ERR: 无法加载模块:Application

[ 2016-06-22T11:48:49+08:00 ] ::1 /test/Application/public/Admin/images/leftdhbg.jpg
ERR: 无法加载模块:Application

[ 2016-06-22T11:48:49+08:00 ] ::1 /test/Application/public/Admin/images/leftbgbt2.jpg
ERR: 无法加载模块:Application

[ 2016-06-22T12:17:24+08:00 ] ::1 /test/Application/public/Admin/images/leftdhbg.jpg
ERR: 无法加载模块:Application

[ 2016-06-22T12:17:24+08:00 ] ::1 /test/Application/public/Admin/images/leftbgbt2.jpg
ERR: 无法加载模块:Application

[ 2016-06-22T12:18:13+08:00 ] ::1 /test/Application/public/Admin/images/leftdhbg.jpg
ERR: 无法加载模块:Application

[ 2016-06-22T12:18:13+08:00 ] ::1 /test/Application/public/Admin/images/leftbgbt2.jpg
ERR: 无法加载模块:Application

[ 2016-06-22T12:19:15+08:00 ] ::1 /test/Application/public/Admin/images/leftdhbg.jpg
ERR: 无法加载模块:Application

[ 2016-06-22T12:19:15+08:00 ] ::1 /test/Application/public/Admin/images/leftbgbt2.jpg
ERR: 无法加载模块:Application

[ 2016-06-22T12:19:41+08:00 ] ::1 /test/Application/public/Admin/images/leftdhbg.jpg
ERR: 无法加载模块:Application

[ 2016-06-22T12:19:41+08:00 ] ::1 /test/Application/public/Admin/images/leftbgbt2.jpg
ERR: 无法加载模块:Application

[ 2016-06-22T12:21:11+08:00 ] ::1 /test/Application/public/Admin/images/leftdhbg.jpg
ERR: 无法加载模块:Application

[ 2016-06-22T12:21:11+08:00 ] ::1 /test/Application/public/Admin/images/leftbgbt2.jpg
ERR: 无法加载模块:Application

[ 2016-06-22T12:22:35+08:00 ] ::1 /test/Application/public/Admin/images/leftdhbg.jpg
ERR: 无法加载模块:Application

[ 2016-06-22T12:22:35+08:00 ] ::1 /test/Application/public/Admin/images/leftbgbt2.jpg
ERR: 无法加载模块:Application

[ 2016-06-22T16:42:53+08:00 ] ::1 /test/Application/public/Admin/images/leftdhbg.jpg
ERR: 无法加载模块:Application

[ 2016-06-22T16:42:53+08:00 ] ::1 /test/Application/public/Admin/images/leftbgbt2.jpg
ERR: 无法加载模块:Application

[ 2016-06-22T16:44:15+08:00 ] ::1 /test/Application/public/Admin/images/leftbgbt2.jpg
ERR: 无法加载模块:Application

[ 2016-06-22T16:44:15+08:00 ] ::1 /test/Application/public/Admin/images/leftdhbg.jpg
ERR: 无法加载模块:Application

[ 2016-06-22T16:44:15+08:00 ] ::1 /test/Application/public/Admin/images/bg_n.jpg
ERR: 无法加载模块:Application

[ 2016-06-22T16:44:15+08:00 ] ::1 /test/Application/public/Admin/images/bgnav.jpg
ERR: 无法加载模块:Application

[ 2016-06-22T16:44:22+08:00 ] ::1 /test/Application/public/Admin/images/leftdhbg.jpg
ERR: 无法加载模块:Application

[ 2016-06-22T16:44:22+08:00 ] ::1 /test/Application/public/Admin/images/leftbgbt2.jpg
ERR: 无法加载模块:Application

[ 2016-06-22T16:44:22+08:00 ] ::1 /test/Application/public/Admin/images/bg_n.jpg
ERR: 无法加载模块:Application

[ 2016-06-22T16:44:22+08:00 ] ::1 /test/Application/public/Admin/images/bgnav.jpg
ERR: 无法加载模块:Application

[ 2016-06-22T16:44:29+08:00 ] ::1 /test/Application/public/Admin/images/leftdhbg.jpg
ERR: 无法加载模块:Application

[ 2016-06-22T16:44:29+08:00 ] ::1 /test/Application/public/Admin/images/leftbgbt2.jpg
ERR: 无法加载模块:Application

[ 2016-06-22T16:44:29+08:00 ] ::1 /test/Application/public/Admin/images/bgnav.jpg
ERR: 无法加载模块:Application

[ 2016-06-22T16:44:29+08:00 ] ::1 /test/Application/public/Admin/images/bg_n.jpg
ERR: 无法加载模块:Application

[ 2016-06-22T16:44:32+08:00 ] ::1 /test/Application/public/Admin/images/leftdhbg.jpg
ERR: 无法加载模块:Application

[ 2016-06-22T16:44:32+08:00 ] ::1 /test/Application/public/Admin/images/leftbgbt2.jpg
ERR: 无法加载模块:Application

[ 2016-06-22T16:44:32+08:00 ] ::1 /test/Application/public/Admin/images/bgnav.jpg
ERR: 无法加载模块:Application

[ 2016-06-22T16:44:32+08:00 ] ::1 /test/Application/public/Admin/images/bg_n.jpg
ERR: 无法加载模块:Application

[ 2016-06-22T16:44:58+08:00 ] ::1 /test/Application/public/Admin/images/bgnav.jpg
ERR: 无法加载模块:Application

[ 2016-06-22T16:44:58+08:00 ] ::1 /test/Application/public/Admin/images/bg_n.jpg
ERR: 无法加载模块:Application

[ 2016-06-22T16:44:58+08:00 ] ::1 /test/Application/public/Admin/images/leftdhbg.jpg
ERR: 无法加载模块:Application


[ 2016-06-22T16:47:40+08:00 ] ::1 /test/Application/public/Admin/images/bg_n.jpg
ERR: 无法加载模块:Application

[ 2016-06-22T16:47:40+08:00 ] ::1 /test/Application/public/Admin/images/leftbgbt2.jpg
ERR: 无法加载模块:Application

[ 2016-06-22T16:47:40+08:00 ] ::1 /test/Application/public/Admin/images/bgnav.jpg
ERR: 无法加载模块:Application

[ 2016-06-22T16:47:40+08:00 ] ::1 /test/Application/public/Admin/images/leftdhbg.jpg
ERR: 无法加载模块:Application

[ 2016-06-22T16:48:40+08:00 ] ::1 /test/Application/public/Admin/images/leftbgbt2.jpg
ERR: 无法加载模块:Application

[ 2016-06-22T16:48:40+08:00 ] ::1 /test/Application/public/Admin/images/leftdhbg.jpg
ERR: 无法加载模块:Application

[ 2016-06-22T16:48:40+08:00 ] ::1 /test/Application/public/Admin/images/bgnav.jpg
ERR: 无法加载模块:Application

[ 2016-06-22T16:48:40+08:00 ] ::1 /test/Application/public/Admin/images/bg_n.jpg
ERR: 无法加载模块:Application

[ 2016-06-22T16:48:44+08:00 ] ::1 /test/Application/public/Admin/images/leftbgbt2.jpg
ERR: 无法加载模块:Application

[ 2016-06-22T16:48:44+08:00 ] ::1 /test/Application/public/Admin/images/leftdhbg.jpg
ERR: 无法加载模块:Application

[ 2016-06-22T16:48:44+08:00 ] ::1 /test/Application/public/Admin/images/bg_n.jpg
ERR: 无法加载模块:Application

[ 2016-06-22T16:48:44+08:00 ] ::1 /test/Application/public/Admin/images/bgnav.jpg
ERR: 无法加载模块:Application

[ 2016-06-22T16:48:47+08:00 ] ::1 /test/Application/public/Admin/images/leftbgbt2.jpg
ERR: 无法加载模块:Application

[ 2016-06-22T16:48:47+08:00 ] ::1 /test/Application/public/Admin/images/bg_n.jpg
ERR: 无法加载模块:Application

[ 2016-06-22T16:48:47+08:00 ] ::1 /test/Application/public/Admin/images/leftdhbg.jpg
ERR: 无法加载模块:Application

[ 2016-06-22T16:48:47+08:00 ] ::1 /test/Application/public/Admin/images/bgnav.jpg
ERR: 无法加载模块:Application

[ 2016-06-22T16:48:52+08:00 ] ::1 /test/Application/public/Admin/images/bgnav.jpg
ERR: 无法加载模块:Application

[ 2016-06-22T16:48:52+08:00 ] ::1 /test/Application/public/Admin/images/leftbgbt2.jpg
ERR: 无法加载模块:Application

[ 2016-06-22T16:48:52+08:00 ] ::1 /test/Application/public/Admin/images/leftdhbg.jpg
ERR: 无法加载模块:Application

[ 2016-06-22T16:48:52+08:00 ] ::1 /test/Application/public/Admin/images/bg_n.jpg
ERR: 无法加载模块:Application

[ 2016-06-22T16:48:55+08:00 ] ::1 /test/Application/public/Admin/images/bg_n.jpg
ERR: 无法加载模块:Application

[ 2016-06-22T16:48:55+08:00 ] ::1 /test/Application/public/Admin/images/leftbgbt2.jpg
ERR: 无法加载模块:Application

[ 2016-06-22T16:48:55+08:00 ] ::1 /test/Application/public/Admin/images/bgnav.jpg
ERR: 无法加载模块:Application

[ 2016-06-22T16:48:55+08:00 ] ::1 /test/Application/public/Admin/images/leftdhbg.jpg
ERR: 无法加载模块:Application

[ 2016-06-22T16:59:46+08:00 ] ::1 /test/Application/public/Admin/images/bg_n.jpg
ERR: 无法加载模块:Application

[ 2016-06-22T16:59:46+08:00 ] ::1 /test/Application/public/Admin/images/leftbgbt2.jpg
ERR: 无法加载模块:Application

[ 2016-06-22T16:59:46+08:00 ] ::1 /test/Application/public/Admin/images/leftdhbg.jpg
ERR: 无法加载模块:Application

[ 2016-06-22T16:59:46+08:00 ] ::1 /test/Application/public/Admin/images/bgnav.jpg
ERR: 无法加载模块:Application

[ 2016-06-22T17:01:02+08:00 ] ::1 /test/Application/public/Admin/images/bg_n.jpg
ERR: 无法加载模块:Application

[ 2016-06-22T17:01:02+08:00 ] ::1 /test/Application/public/Admin/images/leftdhbg.jpg
ERR: 无法加载模块:Application

[ 2016-06-22T17:01:02+08:00 ] ::1 /test/Application/public/Admin/images/leftbgbt2.jpg
ERR: 无法加载模块:Application

[ 2016-06-22T17:01:02+08:00 ] ::1 /test/Application/public/Admin/images/bgnav.jpg
ERR: 无法加载模块:Application

[ 2016-06-22T17:01:06+08:00 ] ::1 /test/Application/public/Admin/images/bgnav.jpg
ERR: 无法加载模块:Application

[ 2016-06-22T17:01:06+08:00 ] ::1 /test/Application/public/Admin/images/bg_n.jpg
ERR: 无法加载模块:Application

[ 2016-06-22T17:01:06+08:00 ] ::1 /test/Application/public/Admin/images/leftdhbg.jpg
ERR: 无法加载模块:Application

[ 2016-06-22T17:01:06+08:00 ] ::1 /test/Application/public/Admin/images/leftbgbt2.jpg
ERR: 无法加载模块:Application

[ 2016-06-22T17:01:08+08:00 ] ::1 /test/Application/public/Admin/images/leftbgbt2.jpg
ERR: 无法加载模块:Application

[ 2016-06-22T17:01:08+08:00 ] ::1 /test/Application/public/Admin/images/bgnav.jpg
ERR: 无法加载模块:Application

[ 2016-06-22T17:01:08+08:00 ] ::1 /test/Application/public/Admin/images/bg_n.jpg
ERR: 无法加载模块:Application

[ 2016-06-22T17:01:08+08:00 ] ::1 /test/Application/public/Admin/images/leftdhbg.jpg
ERR: 无法加载模块:Application

[ 2016-06-22T17:01:55+08:00 ] ::1 /test/Application/public/Admin/images/bg_n.jpg
ERR: 无法加载模块:Application

[ 2016-06-22T17:01:55+08:00 ] ::1 /test/Application/public/Admin/images/leftdhbg.jpg
ERR: 无法加载模块:Application

[ 2016-06-22T17:01:55+08:00 ] ::1 /test/Application/public/Admin/images/leftbgbt2.jpg
ERR: 无法加载模块:Application

[ 2016-06-22T17:01:55+08:00 ] ::1 /test/Application/public/Admin/images/bgnav.jpg
ERR: 无法加载模块:Application

[ 2016-06-22T17:02:02+08:00 ] ::1 /test/Application/public/Admin/images/bg_n.jpg
ERR: 无法加载模块:Application

[ 2016-06-22T17:02:03+08:00 ] ::1 /test/Application/public/Admin/images/leftdhbg.jpg
ERR: 无法加载模块:Application

[ 2016-06-22T17:02:03+08:00 ] ::1 /test/Application/public/Admin/images/bgnav.jpg
ERR: 无法加载模块:Application

[ 2016-06-22T17:02:03+08:00 ] ::1 /test/Application/public/Admin/images/leftbgbt2.jpg
ERR: 无法加载模块:Application

[ 2016-06-22T17:02:09+08:00 ] ::1 /test/Application/public/Admin/images/leftdhbg.jpg
ERR: 无法加载模块:Application

[ 2016-06-22T17:02:09+08:00 ] ::1 /test/Application/public/Admin/images/leftbgbt2.jpg
ERR: 无法加载模块:Application

[ 2016-06-22T17:02:09+08:00 ] ::1 /test/Application/public/Admin/images/bgnav.jpg
ERR: 无法加载模块:Application

[ 2016-06-22T17:02:09+08:00 ] ::1 /test/Application/public/Admin/images/bg_n.jpg
ERR: 无法加载模块:Application

[ 2016-06-22T17:03:06+08:00 ] ::1 /test/Application/public/Admin/images/bg_n.jpg
ERR: 无法加载模块:Application

[ 2016-06-22T17:03:06+08:00 ] ::1 /test/Application/public/Admin/images/bgnav.jpg
ERR: 无法加载模块:Application

[ 2016-06-22T17:03:06+08:00 ] ::1 /test/Application/public/Admin/images/leftbgbt2.jpg
ERR: 无法加载模块:Application

[ 2016-06-22T17:03:06+08:00 ] ::1 /test/Application/public/Admin/images/leftdhbg.jpg
ERR: 无法加载模块:Application

[ 2016-06-22T17:03:08+08:00 ] ::1 /test/Application/public/Admin/images/leftdhbg.jpg
ERR: 无法加载模块:Application

[ 2016-06-22T17:03:08+08:00 ] ::1 /test/Application/public/Admin/images/leftbgbt2.jpg
ERR: 无法加载模块:Application

[ 2016-06-22T17:03:13+08:00 ] ::1 /test/Application/public/Admin/images/leftbgbt2.jpg
ERR: 无法加载模块:Application

[ 2016-06-22T17:03:13+08:00 ] ::1 /test/Application/public/Admin/images/bgnav.jpg
ERR: 无法加载模块:Application

[ 2016-06-22T17:03:13+08:00 ] ::1 /test/Application/public/Admin/images/bg_n.jpg
ERR: 无法加载模块:Application

[ 2016-06-22T17:03:13+08:00 ] ::1 /test/Application/public/Admin/images/leftdhbg.jpg
ERR: 无法加载模块:Application

[ 2016-06-22T17:04:57+08:00 ] ::1 /test/Application/public/Admin/images/leftbgbt2.jpg
ERR: 无法加载模块:Application

[ 2016-06-22T17:04:57+08:00 ] ::1 /test/Application/public/Admin/images/bgnav.jpg
ERR: 无法加载模块:Application

[ 2016-06-22T17:04:57+08:00 ] ::1 /test/Application/public/Admin/images/leftdhbg.jpg
ERR: 无法加载模块:Application

[ 2016-06-22T17:04:57+08:00 ] ::1 /test/Application/public/Admin/images/bg_n.jpg
ERR: 无法加载模块:Application

[ 2016-06-22T17:14:11+08:00 ] ::1 /test/Application/public/Admin/images/leftbgbt2.jpg
ERR: 无法加载模块:Application

[ 2016-06-22T17:14:11+08:00 ] ::1 /test/Application/public/Admin/images/leftdhbg.jpg
ERR: 无法加载模块:Application

[ 2016-06-22T17:14:11+08:00 ] ::1 /test/Application/public/Admin/images/bgnav.jpg
ERR: 无法加载模块:Application

[ 2016-06-22T17:14:11+08:00 ] ::1 /test/Application/public/Admin/images/bg_n.jpg
ERR: 无法加载模块:Application

[ 2016-06-22T17:14:12+08:00 ] ::1 /test/Application/public/Admin/images/leftdhbg.jpg
ERR: 无法加载模块:Application

[ 2016-06-22T17:14:12+08:00 ] ::1 /test/Application/public/Admin/images/leftbgbt2.jpg
ERR: 无法加载模块:Application

[ 2016-06-22T17:14:12+08:00 ] ::1 /test/Application/public/Admin/images/bg_n.jpg
ERR: 无法加载模块:Application

[ 2016-06-22T17:14:12+08:00 ] ::1 /test/Application/public/Admin/images/bgnav.jpg
ERR: 无法加载模块:Application

[ 2016-06-22T17:14:40+08:00 ] ::1 /test/Application/public/Admin/images/bgnav.jpg
ERR: 无法加载模块:Application

[ 2016-06-22T17:14:40+08:00 ] ::1 /test/Application/public/Admin/images/leftbgbt2.jpg
ERR: 无法加载模块:Application

[ 2016-06-22T17:14:40+08:00 ] ::1 /test/Application/public/Admin/images/leftdhbg.jpg
ERR: 无法加载模块:Application

[ 2016-06-22T17:14:40+08:00 ] ::1 /test/Application/public/Admin/images/bg_n.jpg
ERR: 无法加载模块:Application

[ 2016-06-22T17:14:42+08:00 ] ::1 /test/Application/public/Admin/images/leftdhbg.jpg
ERR: 无法加载模块:Application

[ 2016-06-22T17:14:42+08:00 ] ::1 /test/Application/public/Admin/images/leftbgbt2.jpg
ERR: 无法加载模块:Application

[ 2016-06-22T17:14:42+08:00 ] ::1 /test/Application/public/Admin/images/bg_n.jpg
ERR: 无法加载模块:Application

[ 2016-06-22T17:14:42+08:00 ] ::1 /test/Application/public/Admin/images/bgnav.jpg
ERR: 无法加载模块:Application

[ 2016-06-22T17:15:16+08:00 ] ::1 /test/Application/public/Admin/images/bg_n.jpg
ERR: 无法加载模块:Application

[ 2016-06-22T17:15:16+08:00 ] ::1 /test/Application/public/Admin/images/bgnav.jpg
ERR: 无法加载模块:Application

[ 2016-06-22T17:15:16+08:00 ] ::1 /test/Application/public/Admin/images/leftbgbt2.jpg
ERR: 无法加载模块:Application

[ 2016-06-22T17:15:16+08:00 ] ::1 /test/Application/public/Admin/images/leftdhbg.jpg
ERR: 无法加载模块:Application

[ 2016-06-22T17:15:17+08:00 ] ::1 /test/Application/public/Admin/images/leftbgbt2.jpg
ERR: 无法加载模块:Application

[ 2016-06-22T17:15:17+08:00 ] ::1 /test/Application/public/Admin/images/leftdhbg.jpg
ERR: 无法加载模块:Application

[ 2016-06-22T17:15:17+08:00 ] ::1 /test/Application/public/Admin/images/bgnav.jpg
ERR: 无法加载模块:Application

[ 2016-06-22T17:15:17+08:00 ] ::1 /test/Application/public/Admin/images/bg_n.jpg
ERR: 无法加载模块:Application

[ 2016-06-22T17:16:24+08:00 ] ::1 /test/Application/public/Admin/images/bgnav.jpg
ERR: 无法加载模块:Application

[ 2016-06-22T17:16:24+08:00 ] ::1 /test/Application/public/Admin/images/leftdhbg.jpg
ERR: 无法加载模块:Application

[ 2016-06-22T17:16:24+08:00 ] ::1 /test/Application/public/Admin/images/bg_n.jpg
ERR: 无法加载模块:Application

[ 2016-06-22T17:16:24+08:00 ] ::1 /test/Application/public/Admin/images/leftbgbt2.jpg
ERR: 无法加载模块:Application

[ 2016-06-22T17:16:25+08:00 ] ::1 /test/Application/public/Admin/images/leftbgbt2.jpg
ERR: 无法加载模块:Application

[ 2016-06-22T17:16:25+08:00 ] ::1 /test/Application/public/Admin/images/leftdhbg.jpg
ERR: 无法加载模块:Application

[ 2016-06-22T17:16:25+08:00 ] ::1 /test/Application/public/Admin/images/bgnav.jpg
ERR: 无法加载模块:Application

[ 2016-06-22T17:16:25+08:00 ] ::1 /test/Application/public/Admin/images/bg_n.jpg
ERR: 无法加载模块:Application

[ 2016-06-22T17:16:47+08:00 ] ::1 /test/Application/public/Admin/images/bgnav.jpg
ERR: 无法加载模块:Application

[ 2016-06-22T17:16:47+08:00 ] ::1 /test/Application/public/Admin/images/bg_n.jpg
ERR: 无法加载模块:Application

[ 2016-06-22T17:16:47+08:00 ] ::1 /test/Application/public/Admin/images/leftdhbg.jpg
ERR: 无法加载模块:Application

[ 2016-06-22T17:16:47+08:00 ] ::1 /test/Application/public/Admin/images/leftbgbt2.jpg
ERR: 无法加载模块:Application

[ 2016-06-22T17:16:47+08:00 ] ::1 /test/Application/public/Admin/images/leftbgbt2.jpg
ERR: 无法加载模块:Application

[ 2016-06-22T17:16:48+08:00 ] ::1 /test/Application/public/Admin/images/bgnav.jpg
ERR: 无法加载模块:Application

[ 2016-06-22T17:16:48+08:00 ] ::1 /test/Application/public/Admin/images/leftdhbg.jpg
ERR: 无法加载模块:Application

[ 2016-06-22T17:16:48+08:00 ] ::1 /test/Application/public/Admin/images/bg_n.jpg
ERR: 无法加载模块:Application

[ 2016-06-22T17:16:52+08:00 ] ::1 /test/Application/public/Admin/images/leftbgbt2.jpg
ERR: 无法加载模块:Application

[ 2016-06-22T17:16:52+08:00 ] ::1 /test/Application/public/Admin/images/bg_n.jpg
ERR: 无法加载模块:Application

[ 2016-06-22T17:16:52+08:00 ] ::1 /test/Application/public/Admin/images/leftdhbg.jpg
ERR: 无法加载模块:Application

[ 2016-06-22T17:16:52+08:00 ] ::1 /test/Application/public/Admin/images/bgnav.jpg
ERR: 无法加载模块:Application

[ 2016-06-22T17:17:33+08:00 ] ::1 /test/Application/public/Admin/images/leftdhbg.jpg
ERR: 无法加载模块:Application

[ 2016-06-22T17:17:33+08:00 ] ::1 /test/Application/public/Admin/images/bg_n.jpg
ERR: 无法加载模块:Application

[ 2016-06-22T17:17:33+08:00 ] ::1 /test/Application/public/Admin/images/leftbgbt2.jpg
ERR: 无法加载模块:Application

[ 2016-06-22T17:17:33+08:00 ] ::1 /test/Application/public/Admin/images/bgnav.jpg
ERR: 无法加载模块:Application

[ 2016-06-22T17:17:40+08:00 ] ::1 /test/Application/public/Admin/images/leftbgbt2.jpg
ERR: 无法加载模块:Application

[ 2016-06-22T17:17:40+08:00 ] ::1 /test/Application/public/Admin/images/leftdhbg.jpg
ERR: 无法加载模块:Application

[ 2016-06-22T17:17:40+08:00 ] ::1 /test/Application/public/Admin/images/bg_n.jpg
ERR: 无法加载模块:Application

[ 2016-06-22T17:17:40+08:00 ] ::1 /test/Application/public/Admin/images/bgnav.jpg
ERR: 无法加载模块:Application

[ 2016-06-22T17:17:41+08:00 ] ::1 /test/Application/public/Admin/images/leftdhbg.jpg
ERR: 无法加载模块:Application

[ 2016-06-22T17:17:41+08:00 ] ::1 /test/Application/public/Admin/images/leftbgbt2.jpg
ERR: 无法加载模块:Application

[ 2016-06-22T17:17:41+08:00 ] ::1 /test/Application/public/Admin/images/bg_n.jpg
ERR: 无法加载模块:Application

[ 2016-06-22T17:17:41+08:00 ] ::1 /test/Application/public/Admin/images/bgnav.jpg
ERR: 无法加载模块:Application

[ 2016-06-22T17:20:14+08:00 ] ::1 /test/Application/public/Admin/images/bg_n.jpg
ERR: 无法加载模块:Application

[ 2016-06-22T17:20:14+08:00 ] ::1 /test/Application/public/Admin/images/leftbgbt2.jpg
ERR: 无法加载模块:Application

[ 2016-06-22T17:20:14+08:00 ] ::1 /test/Application/public/Admin/images/leftdhbg.jpg
ERR: 无法加载模块:Application

[ 2016-06-22T17:20:14+08:00 ] ::1 /test/Application/public/Admin/images/bgnav.jpg
ERR: 无法加载模块:Application

[ 2016-06-22T17:20:30+08:00 ] ::1 /test/Application/public/Admin/images/leftdhbg.jpg
ERR: 无法加载模块:Application

[ 2016-06-22T17:20:30+08:00 ] ::1 /test/Application/public/Admin/images/bg_n.jpg
ERR: 无法加载模块:Application

[ 2016-06-22T17:20:30+08:00 ] ::1 /test/Application/public/Admin/images/bgnav.jpg
ERR: 无法加载模块:Application

[ 2016-06-22T17:20:30+08:00 ] ::1 /test/Application/public/Admin/images/leftbgbt2.jpg
ERR: 无法加载模块:Application

[ 2016-06-22T17:21:27+08:00 ] ::1 /test/Application/public/Admin/images/bg_n.jpg
ERR: 无法加载模块:Application

[ 2016-06-22T17:21:27+08:00 ] ::1 /test/Application/public/Admin/images/leftbgbt2.jpg
ERR: 无法加载模块:Application

[ 2016-06-22T17:21:27+08:00 ] ::1 /test/Application/public/Admin/images/bgnav.jpg
ERR: 无法加载模块:Application

[ 2016-06-22T17:21:27+08:00 ] ::1 /test/Application/public/Admin/images/leftdhbg.jpg
ERR: 无法加载模块:Application

[ 2016-06-22T17:21:46+08:00 ] ::1 /test/Application/public/Admin/images/bg_n.jpg
ERR: 无法加载模块:Application

[ 2016-06-22T17:21:46+08:00 ] ::1 /test/Application/public/Admin/images/leftbgbt2.jpg
ERR: 无法加载模块:Application

[ 2016-06-22T17:21:46+08:00 ] ::1 /test/Application/public/Admin/images/leftdhbg.jpg
ERR: 无法加载模块:Application

[ 2016-06-22T17:21:46+08:00 ] ::1 /test/Application/public/Admin/images/bgnav.jpg
ERR: 无法加载模块:Application

[ 2016-06-22T17:22:00+08:00 ] ::1 /test/Application/public/Admin/images/leftdhbg.jpg
ERR: 无法加载模块:Application

[ 2016-06-22T17:22:00+08:00 ] ::1 /test/Application/public/Admin/images/bg_n.jpg
ERR: 无法加载模块:Application

[ 2016-06-22T17:22:00+08:00 ] ::1 /test/Application/public/Admin/images/leftbgbt2.jpg
ERR: 无法加载模块:Application

[ 2016-06-22T17:22:00+08:00 ] ::1 /test/Application/public/Admin/images/bgnav.jpg
ERR: 无法加载模块:Application

[ 2016-06-22T17:22:03+08:00 ] ::1 /test/Application/public/Admin/images/leftbgbt2.jpg
ERR: 无法加载模块:Application

[ 2016-06-22T17:22:03+08:00 ] ::1 /test/Application/public/Admin/images/bg_n.jpg
ERR: 无法加载模块:Application

[ 2016-06-22T17:22:03+08:00 ] ::1 /test/Application/public/Admin/images/bgnav.jpg
ERR: 无法加载模块:Application

[ 2016-06-22T17:22:03+08:00 ] ::1 /test/Application/public/Admin/images/leftdhbg.jpg
ERR: 无法加载模块:Application

[ 2016-06-22T17:22:08+08:00 ] ::1 /test/Application/public/Admin/images/leftbgbt2.jpg
ERR: 无法加载模块:Application

[ 2016-06-22T17:22:08+08:00 ] ::1 /test/Application/public/Admin/images/bg_n.jpg
ERR: 无法加载模块:Application

[ 2016-06-22T17:22:08+08:00 ] ::1 /test/Application/public/Admin/images/leftdhbg.jpg
ERR: 无法加载模块:Application

[ 2016-06-22T17:22:08+08:00 ] ::1 /test/Application/public/Admin/images/bgnav.jpg
ERR: 无法加载模块:Application

[ 2016-06-22T17:22:17+08:00 ] ::1 /test/Application/public/Admin/images/leftdhbg.jpg
ERR: 无法加载模块:Application

[ 2016-06-22T17:22:17+08:00 ] ::1 /test/Application/public/Admin/images/leftbgbt2.jpg
ERR: 无法加载模块:Application

[ 2016-06-22T17:22:21+08:00 ] ::1 /test/Application/public/Admin/images/leftbgbt2.jpg
ERR: 无法加载模块:Application

[ 2016-06-22T17:22:21+08:00 ] ::1 /test/Application/public/Admin/images/leftdhbg.jpg
ERR: 无法加载模块:Application

[ 2016-06-22T17:22:21+08:00 ] ::1 /test/Application/public/Admin/images/bg_n.jpg
ERR: 无法加载模块:Application

[ 2016-06-22T17:22:21+08:00 ] ::1 /test/Application/public/Admin/images/bgnav.jpg
ERR: 无法加载模块:Application

[ 2016-06-22T17:22:25+08:00 ] ::1 /test/Application/public/Admin/images/leftbgbt2.jpg
ERR: 无法加载模块:Application

[ 2016-06-22T17:22:25+08:00 ] ::1 /test/Application/public/Admin/images/leftdhbg.jpg
ERR: 无法加载模块:Application

[ 2016-06-22T17:22:27+08:00 ] ::1 /test/Application/public/Admin/images/leftdhbg.jpg
ERR: 无法加载模块:Application

[ 2016-06-22T17:22:27+08:00 ] ::1 /test/Application/public/Admin/images/bg_n.jpg
ERR: 无法加载模块:Application

[ 2016-06-22T17:22:27+08:00 ] ::1 /test/Application/public/Admin/images/leftbgbt2.jpg
ERR: 无法加载模块:Application

[ 2016-06-22T17:22:27+08:00 ] ::1 /test/Application/public/Admin/images/bgnav.jpg
ERR: 无法加载模块:Application

[ 2016-06-22T17:22:39+08:00 ] ::1 /test/Application/public/Admin/images/leftbgbt2.jpg
ERR: 无法加载模块:Application

[ 2016-06-22T17:22:39+08:00 ] ::1 /test/Application/public/Admin/images/leftdhbg.jpg
ERR: 无法加载模块:Application

[ 2016-06-22T17:23:26+08:00 ] ::1 /test/Application/public/Admin/images/leftdhbg.jpg
ERR: 无法加载模块:Application

[ 2016-06-22T17:23:26+08:00 ] ::1 /test/Application/public/Admin/images/leftbgbt2.jpg
ERR: 无法加载模块:Application

[ 2016-06-22T17:24:02+08:00 ] ::1 /test/Application/public/Admin/images/leftbgbt2.jpg
ERR: 无法加载模块:Application

[ 2016-06-22T17:24:02+08:00 ] ::1 /test/Application/public/Admin/images/leftdhbg.jpg
ERR: 无法加载模块:Application

[ 2016-06-22T17:24:22+08:00 ] ::1 /test/Application/public/Admin/images/leftdhbg.jpg
ERR: 无法加载模块:Application

[ 2016-06-22T17:24:22+08:00 ] ::1 /test/Application/public/Admin/images/leftbgbt2.jpg
ERR: 无法加载模块:Application

[ 2016-06-22T17:24:26+08:00 ] ::1 /test/Application/public/Admin/images/leftdhbg.jpg
ERR: 无法加载模块:Application

[ 2016-06-22T17:24:26+08:00 ] ::1 /test/Application/public/Admin/images/leftbgbt2.jpg
ERR: 无法加载模块:Application

[ 2016-06-22T17:24:55+08:00 ] ::1 /test/Application/public/Admin/images/leftbgbt2.jpg
ERR: 无法加载模块:Application

[ 2016-06-22T17:24:55+08:00 ] ::1 /test/Application/public/Admin/images/bgnav.jpg
ERR: 无法加载模块:Application

[ 2016-06-22T17:24:55+08:00 ] ::1 /test/Application/public/Admin/images/leftdhbg.jpg
ERR: 无法加载模块:Application

[ 2016-06-22T17:24:55+08:00 ] ::1 /test/Application/public/Admin/images/bg_n.jpg
ERR: 无法加载模块:Application

[ 2016-06-22T20:11:38+08:00 ] ::1 /test/Application/public/Admin/images/leftdhbg.jpg
ERR: 无法加载模块:Application

[ 2016-06-22T20:11:38+08:00 ] ::1 /test/Application/public/Admin/images/leftbgbt2.jpg
ERR: 无法加载模块:Application

[ 2016-06-22T20:11:42+08:00 ] ::1 /test/Application/public/Admin/images/leftbgbt2.jpg
ERR: 无法加载模块:Application

[ 2016-06-22T20:11:42+08:00 ] ::1 /test/Application/public/Admin/images/leftdhbg.jpg
ERR: 无法加载模块:Application

[ 2016-06-22T20:11:42+08:00 ] ::1 /test/Application/public/Admin/images/bg_n.jpg
ERR: 无法加载模块:Application

[ 2016-06-22T20:11:42+08:00 ] ::1 /test/Application/public/Admin/images/bgnav.jpg
ERR: 无法加载模块:Application

[ 2016-06-22T20:11:47+08:00 ] ::1 /test/Application/public/Admin/images/bg_n.jpg
ERR: 无法加载模块:Application

[ 2016-06-22T20:11:47+08:00 ] ::1 /test/Application/public/Admin/images/leftdhbg.jpg
ERR: 无法加载模块:Application

[ 2016-06-22T20:11:47+08:00 ] ::1 /test/Application/public/Admin/images/leftbgbt2.jpg
ERR: 无法加载模块:Application

[ 2016-06-22T20:11:47+08:00 ] ::1 /test/Application/public/Admin/images/bgnav.jpg
ERR: 无法加载模块:Application

[ 2016-06-22T20:11:49+08:00 ] ::1 /test/Application/public/Admin/images/leftbgbt2.jpg
ERR: 无法加载模块:Application

[ 2016-06-22T20:11:49+08:00 ] ::1 /test/Application/public/Admin/images/bg_n.jpg
ERR: 无法加载模块:Application

[ 2016-06-22T20:11:49+08:00 ] ::1 /test/Application/public/Admin/images/leftdhbg.jpg
ERR: 无法加载模块:Application

[ 2016-06-22T20:11:49+08:00 ] ::1 /test/Application/public/Admin/images/bgnav.jpg
ERR: 无法加载模块:Application

[ 2016-06-22T20:13:31+08:00 ] ::1 /test/Application/public/Admin/images/bg_n.jpg
ERR: 无法加载模块:Application

[ 2016-06-22T20:13:31+08:00 ] ::1 /test/Application/public/Admin/images/leftbgbt2.jpg
ERR: 无法加载模块:Application

[ 2016-06-22T20:13:31+08:00 ] ::1 /test/Application/public/Admin/images/bgnav.jpg
ERR: 无法加载模块:Application

[ 2016-06-22T20:13:49+08:00 ] ::1 /test/Application/public/Admin/images/leftbgbt2.jpg
ERR: 无法加载模块:Application

[ 2016-06-22T20:13:49+08:00 ] ::1 /test/Application/public/Admin/images/bgnav.jpg
ERR: 无法加载模块:Application

[ 2016-06-22T20:13:49+08:00 ] ::1 /test/Application/public/Admin/images/leftdhbg.jpg
ERR: 无法加载模块:Application

[ 2016-06-22T20:13:49+08:00 ] ::1 /test/Application/public/Admin/images/bg_n.jpg
ERR: 无法加载模块:Application

[ 2016-06-22T20:13:52+08:00 ] ::1 /test/Application/public/Admin/images/bg_n.jpg
ERR: 无法加载模块:Application

[ 2016-06-22T20:13:52+08:00 ] ::1 /test/Application/public/Admin/images/leftbgbt2.jpg
ERR: 无法加载模块:Application

[ 2016-06-22T20:13:52+08:00 ] ::1 /test/Application/public/Admin/images/bgnav.jpg
ERR: 无法加载模块:Application

[ 2016-06-22T20:13:52+08:00 ] ::1 /test/Application/public/Admin/images/leftdhbg.jpg
ERR: 无法加载模块:Application

[ 2016-06-22T20:13:54+08:00 ] ::1 /test/Application/public/Admin/images/bg_n.jpg
ERR: 无法加载模块:Application

[ 2016-06-22T20:13:54+08:00 ] ::1 /test/Application/public/Admin/images/leftdhbg.jpg
ERR: 无法加载模块:Application

[ 2016-06-22T20:13:54+08:00 ] ::1 /test/Application/public/Admin/images/leftbgbt2.jpg
ERR: 无法加载模块:Application

[ 2016-06-22T20:13:54+08:00 ] ::1 /test/Application/public/Admin/images/bgnav.jpg
ERR: 无法加载模块:Application

[ 2016-06-22T20:13:55+08:00 ] ::1 /test/Application/public/Admin/images/leftbgbt2.jpg
ERR: 无法加载模块:Application

[ 2016-06-22T20:13:55+08:00 ] ::1 /test/Application/public/Admin/images/bg_n.jpg
ERR: 无法加载模块:Application

[ 2016-06-22T20:13:55+08:00 ] ::1 /test/Application/public/Admin/images/leftdhbg.jpg
ERR: 无法加载模块:Application

[ 2016-06-22T20:13:55+08:00 ] ::1 /test/Application/public/Admin/images/bgnav.jpg
ERR: 无法加载模块:Application

[ 2016-06-22T20:14:27+08:00 ] ::1 /test/Application/public/Admin/images/leftbgbt2.jpg
ERR: 无法加载模块:Application

[ 2016-06-22T20:14:27+08:00 ] ::1 /test/Application/public/Admin/images/bg_n.jpg
ERR: 无法加载模块:Application

[ 2016-06-22T20:14:27+08:00 ] ::1 /test/Application/public/Admin/images/bgnav.jpg
ERR: 无法加载模块:Application

[ 2016-06-22T20:14:27+08:00 ] ::1 /test/Application/public/Admin/images/leftdhbg.jpg
ERR: 无法加载模块:Application

[ 2016-06-22T20:14:29+08:00 ] ::1 /test/Application/public/Admin/images/leftdhbg.jpg
ERR: 无法加载模块:Application

[ 2016-06-22T20:14:29+08:00 ] ::1 /test/Application/public/Admin/images/bgnav.jpg
ERR: 无法加载模块:Application

[ 2016-06-22T20:14:29+08:00 ] ::1 /test/Application/public/Admin/images/leftbgbt2.jpg
ERR: 无法加载模块:Application

[ 2016-06-22T20:14:29+08:00 ] ::1 /test/Application/public/Admin/images/bg_n.jpg
ERR: 无法加载模块:Application

[ 2016-06-22T20:15:01+08:00 ] ::1 /test/Application/public/Admin/images/bgnav.jpg
ERR: 无法加载模块:Application

[ 2016-06-22T20:15:01+08:00 ] ::1 /test/Application/public/Admin/images/leftdhbg.jpg
ERR: 无法加载模块:Application

[ 2016-06-22T20:15:01+08:00 ] ::1 /test/Application/public/Admin/images/leftbgbt2.jpg
ERR: 无法加载模块:Application

[ 2016-06-22T20:15:01+08:00 ] ::1 /test/Application/public/Admin/images/bg_n.jpg
ERR: 无法加载模块:Application

[ 2016-06-22T20:32:27+08:00 ] ::1 /test/Application/public/Admin/images/leftdhbg.jpg
ERR: 无法加载模块:Application

[ 2016-06-22T20:32:27+08:00 ] ::1 /test/Application/public/Admin/images/leftbgbt2.jpg
ERR: 无法加载模块:Application

[ 2016-06-22T20:32:30+08:00 ] ::1 /test/Application/public/Admin/images/leftdhbg.jpg
ERR: 无法加载模块:Application

[ 2016-06-22T20:32:30+08:00 ] ::1 /test/Application/public/Admin/images/leftbgbt2.jpg
ERR: 无法加载模块:Application

[ 2016-06-22T20:32:30+08:00 ] ::1 /test/Application/public/Admin/images/bg_n.jpg
ERR: 无法加载模块:Application

[ 2016-06-22T20:32:30+08:00 ] ::1 /test/Application/public/Admin/images/bgnav.jpg
ERR: 无法加载模块:Application

[ 2016-06-22T20:34:38+08:00 ] ::1 /test/Application/public/Admin/images/leftdhbg.jpg
ERR: 无法加载模块:Application

[ 2016-06-22T20:34:38+08:00 ] ::1 /test/Application/public/Admin/images/bg_n.jpg
ERR: 无法加载模块:Application

[ 2016-06-22T20:34:38+08:00 ] ::1 /test/Application/public/Admin/images/bgnav.jpg
ERR: 无法加载模块:Application

[ 2016-06-22T20:34:38+08:00 ] ::1 /test/Application/public/Admin/images/leftbgbt2.jpg
ERR: 无法加载模块:Application

[ 2016-06-22T20:34:39+08:00 ] ::1 /test/Application/public/Admin/images/leftdhbg.jpg
ERR: 无法加载模块:Application

[ 2016-06-22T20:34:39+08:00 ] ::1 /test/Application/public/Admin/images/leftbgbt2.jpg
ERR: 无法加载模块:Application

[ 2016-06-22T20:34:39+08:00 ] ::1 /test/Application/public/Admin/images/bg_n.jpg
ERR: 无法加载模块:Application

[ 2016-06-22T20:34:39+08:00 ] ::1 /test/Application/public/Admin/images/bgnav.jpg
ERR: 无法加载模块:Application

[ 2016-06-22T20:39:10+08:00 ] ::1 /test/Application/public/Admin/images/leftdhbg.jpg
ERR: 无法加载模块:Application

[ 2016-06-22T20:39:10+08:00 ] ::1 /test/Application/public/Admin/images/bg_n.jpg
ERR: 无法加载模块:Application

[ 2016-06-22T20:39:10+08:00 ] ::1 /test/Application/public/Admin/images/bgnav.jpg
ERR: 无法加载模块:Application

[ 2016-06-22T20:39:10+08:00 ] ::1 /test/Application/public/Admin/images/leftbgbt2.jpg
ERR: 无法加载模块:Application

[ 2016-06-22T20:39:15+08:00 ] ::1 /test/Application/public/Admin/images/bgnav.jpg
ERR: 无法加载模块:Application

[ 2016-06-22T20:39:15+08:00 ] ::1 /test/Application/public/Admin/images/bg_n.jpg
ERR: 无法加载模块:Application

[ 2016-06-22T20:39:15+08:00 ] ::1 /test/Application/public/Admin/images/leftdhbg.jpg
ERR: 无法加载模块:Application

[ 2016-06-22T20:39:15+08:00 ] ::1 /test/Application/public/Admin/images/leftbgbt2.jpg
ERR: 无法加载模块:Application

[ 2016-06-22T20:39:19+08:00 ] ::1 /test/Application/public/Admin/images/bgnav.jpg
ERR: 无法加载模块:Application

[ 2016-06-22T20:39:19+08:00 ] ::1 /test/Application/public/Admin/images/leftbgbt2.jpg
ERR: 无法加载模块:Application

[ 2016-06-22T20:39:19+08:00 ] ::1 /test/Application/public/Admin/images/bg_n.jpg
ERR: 无法加载模块:Application

[ 2016-06-22T20:39:19+08:00 ] ::1 /test/Application/public/Admin/images/leftdhbg.jpg
ERR: 无法加载模块:Application

[ 2016-06-22T20:39:32+08:00 ] ::1 /test/Application/public/Admin/images/bgnav.jpg
ERR: 无法加载模块:Application

[ 2016-06-22T20:39:32+08:00 ] ::1 /test/Application/public/Admin/images/leftdhbg.jpg
ERR: 无法加载模块:Application

[ 2016-06-22T20:39:32+08:00 ] ::1 /test/Application/public/Admin/images/bg_n.jpg
ERR: 无法加载模块:Application

[ 2016-06-22T20:39:32+08:00 ] ::1 /test/Application/public/Admin/images/leftbgbt2.jpg
ERR: 无法加载模块:Application

[ 2016-06-22T20:39:35+08:00 ] ::1 /test/Application/public/Admin/images/bgnav.jpg
ERR: 无法加载模块:Application

[ 2016-06-22T20:39:35+08:00 ] ::1 /test/Application/public/Admin/images/leftbgbt2.jpg
ERR: 无法加载模块:Application

[ 2016-06-22T20:39:35+08:00 ] ::1 /test/Application/public/Admin/images/bg_n.jpg
ERR: 无法加载模块:Application

[ 2016-06-22T20:39:35+08:00 ] ::1 /test/Application/public/Admin/images/leftdhbg.jpg
ERR: 无法加载模块:Application

[ 2016-06-22T20:45:10+08:00 ] ::1 /test/Application/public/Admin/images/bg_n.jpg
ERR: 无法加载模块:Application

[ 2016-06-22T20:45:10+08:00 ] ::1 /test/Application/public/Admin/images/bgnav.jpg
ERR: 无法加载模块:Application

[ 2016-06-22T20:45:10+08:00 ] ::1 /test/Application/public/Admin/images/leftbgbt2.jpg
ERR: 无法加载模块:Application

[ 2016-06-22T20:45:10+08:00 ] ::1 /test/Application/public/Admin/images/leftdhbg.jpg
ERR: 无法加载模块:Application

[ 2016-06-22T20:45:13+08:00 ] ::1 /test/Application/public/Admin/images/bg_n.jpg
ERR: 无法加载模块:Application

[ 2016-06-22T20:45:13+08:00 ] ::1 /test/Application/public/Admin/images/bgnav.jpg
ERR: 无法加载模块:Application

[ 2016-06-22T20:45:13+08:00 ] ::1 /test/Application/public/Admin/images/leftdhbg.jpg
ERR: 无法加载模块:Application

[ 2016-06-22T20:45:13+08:00 ] ::1 /test/Application/public/Admin/images/leftbgbt2.jpg
ERR: 无法加载模块:Application

[ 2016-06-22T20:45:16+08:00 ] ::1 /test/Application/public/Admin/images/bg_n.jpg
ERR: 无法加载模块:Application

[ 2016-06-22T20:45:16+08:00 ] ::1 /test/Application/public/Admin/images/bgnav.jpg
ERR: 无法加载模块:Application

[ 2016-06-22T20:45:16+08:00 ] ::1 /test/Application/public/Admin/images/leftbgbt2.jpg
ERR: 无法加载模块:Application

[ 2016-06-22T20:45:16+08:00 ] ::1 /test/Application/public/Admin/images/leftdhbg.jpg
ERR: 无法加载模块:Application

[ 2016-06-22T20:45:19+08:00 ] ::1 /test/Application/public/Admin/images/bgnav.jpg
ERR: 无法加载模块:Application

[ 2016-06-22T20:45:19+08:00 ] ::1 /test/Application/public/Admin/images/bg_n.jpg
ERR: 无法加载模块:Application

[ 2016-06-22T20:45:19+08:00 ] ::1 /test/Application/public/Admin/images/leftbgbt2.jpg
ERR: 无法加载模块:Application

[ 2016-06-22T20:45:19+08:00 ] ::1 /test/Application/public/Admin/images/leftdhbg.jpg
ERR: 无法加载模块:Application

[ 2016-06-22T20:45:40+08:00 ] ::1 /test/Application/public/Admin/images/bg_n.jpg
ERR: 无法加载模块:Application

[ 2016-06-22T20:45:40+08:00 ] ::1 /test/Application/public/Admin/images/bgnav.jpg
ERR: 无法加载模块:Application

[ 2016-06-22T20:45:40+08:00 ] ::1 /test/Application/public/Admin/images/leftdhbg.jpg
ERR: 无法加载模块:Application

[ 2016-06-22T20:45:40+08:00 ] ::1 /test/Application/public/Admin/images/leftbgbt2.jpg
ERR: 无法加载模块:Application

[ 2016-06-22T20:45:47+08:00 ] ::1 /test/Application/public/Admin/images/bgnav.jpg
ERR: 无法加载模块:Application

[ 2016-06-22T20:45:47+08:00 ] ::1 /test/Application/public/Admin/images/bg_n.jpg
ERR: 无法加载模块:Application

[ 2016-06-22T20:45:47+08:00 ] ::1 /test/Application/public/Admin/images/leftbgbt2.jpg
ERR: 无法加载模块:Application

[ 2016-06-22T20:45:47+08:00 ] ::1 /test/Application/public/Admin/images/leftdhbg.jpg
ERR: 无法加载模块:Application

[ 2016-06-22T20:47:40+08:00 ] ::1 /test/Application/public/Admin/images/leftbgbt2.jpg
ERR: 无法加载模块:Application

[ 2016-06-22T20:47:40+08:00 ] ::1 /test/Application/public/Admin/images/bg_n.jpg
ERR: 无法加载模块:Application

[ 2016-06-22T20:47:40+08:00 ] ::1 /test/Application/public/Admin/images/leftdhbg.jpg
ERR: 无法加载模块:Application

[ 2016-06-22T20:47:40+08:00 ] ::1 /test/Application/public/Admin/images/bgnav.jpg
ERR: 无法加载模块:Application

[ 2016-06-22T20:47:44+08:00 ] ::1 /test/Application/public/Admin/images/bgnav.jpg
ERR: 无法加载模块:Application

[ 2016-06-22T20:47:44+08:00 ] ::1 /test/Application/public/Admin/images/leftdhbg.jpg
ERR: 无法加载模块:Application

[ 2016-06-22T20:47:44+08:00 ] ::1 /test/Application/public/Admin/images/bg_n.jpg
ERR: 无法加载模块:Application

[ 2016-06-22T20:47:44+08:00 ] ::1 /test/Application/public/Admin/images/leftbgbt2.jpg
ERR: 无法加载模块:Application

[ 2016-06-22T20:47:51+08:00 ] ::1 /test/Application/public/Admin/images/leftdhbg.jpg
ERR: 无法加载模块:Application

[ 2016-06-22T20:47:51+08:00 ] ::1 /test/Application/public/Admin/images/bg_n.jpg
ERR: 无法加载模块:Application

[ 2016-06-22T20:47:51+08:00 ] ::1 /test/Application/public/Admin/images/bgnav.jpg
ERR: 无法加载模块:Application

[ 2016-06-22T20:47:51+08:00 ] ::1 /test/Application/public/Admin/images/leftbgbt2.jpg
ERR: 无法加载模块:Application

[ 2016-06-22T20:52:20+08:00 ] ::1 /test/Application/public/Admin/images/leftdhbg.jpg
ERR: 无法加载模块:Application

[ 2016-06-22T20:52:20+08:00 ] ::1 /test/Application/public/Admin/images/leftbgbt2.jpg
ERR: 无法加载模块:Application

[ 2016-06-22T20:52:36+08:00 ] ::1 /test/Application/public/Admin/images/leftbgbt2.jpg
ERR: 无法加载模块:Application

[ 2016-06-22T20:52:36+08:00 ] ::1 /test/Application/public/Admin/images/leftdhbg.jpg
ERR: 无法加载模块:Application

[ 2016-06-22T20:53:35+08:00 ] ::1 /test/Application/public/Admin/images/leftdhbg.jpg
ERR: 无法加载模块:Application


[ 2016-06-22T20:53:40+08:00 ] ::1 /test/Application/public/Admin/images/leftbgbt2.jpg
ERR: 无法加载模块:Application

[ 2016-06-22T20:53:40+08:00 ] ::1 /test/Application/public/Admin/images/leftdhbg.jpg
ERR: 无法加载模块:Application

[ 2016-06-22T20:53:41+08:00 ] ::1 /test/Application/public/Admin/images/leftdhbg.jpg
ERR: 无法加载模块:Application

[ 2016-06-22T20:53:41+08:00 ] ::1 /test/Application/public/Admin/images/leftbgbt2.jpg
ERR: 无法加载模块:Application

[ 2016-06-22T20:53:44+08:00 ] ::1 /test/Application/public/Admin/images/leftbgbt2.jpg
ERR: 无法加载模块:Application

[ 2016-06-22T20:53:44+08:00 ] ::1 /test/Application/public/Admin/images/leftdhbg.jpg
ERR: 无法加载模块:Application

[ 2016-06-22T20:53:46+08:00 ] ::1 /test/Application/public/Admin/images/leftbgbt2.jpg
ERR: 无法加载模块:Application

[ 2016-06-22T20:58:37+08:00 ] ::1 /test/Application/public/Admin/images/leftdhbg.jpg
ERR: 无法加载模块:Application

[ 2016-06-22T20:58:37+08:00 ] ::1 /test/Application/public/Admin/images/leftbgbt2.jpg
ERR: 无法加载模块:Application

[ 2016-06-22T20:59:00+08:00 ] ::1 /test/Application/public/Admin/images/leftbgbt2.jpg
ERR: 无法加载模块:Application

[ 2016-06-22T20:59:00+08:00 ] ::1 /test/Application/public/Admin/images/leftdhbg.jpg
ERR: 无法加载模块:Application

[ 2016-06-22T20:59:48+08:00 ] ::1 /test/Application/public/Admin/images/leftbgbt2.jpg
ERR: 无法加载模块:Application

[ 2016-06-22T20:59:59+08:00 ] ::1 /test/Application/public/Admin/images/leftdhbg.jpg
ERR: 无法加载模块:Application

[ 2016-06-22T20:59:59+08:00 ] ::1 /test/Application/public/Admin/images/leftbgbt2.jpg
ERR: 无法加载模块:Application

[ 2016-06-22T21:00:07+08:00 ] ::1 /test/Application/public/Admin/images/leftdhbg.jpg
ERR: 无法加载模块:Application

[ 2016-06-22T21:00:07+08:00 ] ::1 /test/Application/public/Admin/images/leftbgbt2.jpg
ERR: 无法加载模块:Application

[ 2016-06-22T21:01:01+08:00 ] ::1 /test/Application/public/Admin/images/leftdhbg.jpg
ERR: 无法加载模块:Application

[ 2016-06-22T21:01:01+08:00 ] ::1 /test/Application/public/Admin/images/leftbgbt2.jpg
ERR: 无法加载模块:Application

[ 2016-06-22T21:01:05+08:00 ] ::1 /test/Application/public/Admin/images/leftbgbt2.jpg
ERR: 无法加载模块:Application

[ 2016-06-22T21:01:05+08:00 ] ::1 /test/Application/public/Admin/images/leftdhbg.jpg
ERR: 无法加载模块:Application

[ 2016-06-22T21:02:54+08:00 ] ::1 /test/Application/public/Admin/images/leftdhbg.jpg
ERR: 无法加载模块:Application

[ 2016-06-22T21:02:54+08:00 ] ::1 /test/Application/public/Admin/images/leftbgbt2.jpg
ERR: 无法加载模块:Application

[ 2016-06-22T21:02:56+08:00 ] ::1 /test/Application/public/Admin/images/leftdhbg.jpg
ERR: 无法加载模块:Application

[ 2016-06-22T21:02:56+08:00 ] ::1 /test/Application/public/Admin/images/leftbgbt2.jpg
ERR: 无法加载模块:Application

[ 2016-06-22T21:03:29+08:00 ] ::1 /test/Application/public/Admin/images/leftdhbg.jpg
ERR: 无法加载模块:Application

[ 2016-06-22T21:03:29+08:00 ] ::1 /test/Application/public/Admin/images/leftbgbt2.jpg
ERR: 无法加载模块:Application

[ 2016-06-22T21:03:34+08:00 ] ::1 /test/Application/public/Admin/images/leftdhbg.jpg
ERR: 无法加载模块:Application

[ 2016-06-22T21:03:34+08:00 ] ::1 /test/Application/public/Admin/images/leftbgbt2.jpg
ERR: 无法加载模块:Application

[ 2016-06-22T21:03:40+08:00 ] ::1 /test/Application/public/Admin/images/leftbgbt2.jpg
ERR: 无法加载模块:Application

[ 2016-06-22T21:03:40+08:00 ] ::1 /test/Application/public/Admin/images/leftdhbg.jpg
ERR: 无法加载模块:Application

[ 2016-06-22T21:05:01+08:00 ] ::1 /test/Application/public/Admin/images/leftbgbt2.jpg
ERR: 无法加载模块:Application

[ 2016-06-22T21:05:01+08:00 ] ::1 /test/Application/public/Admin/images/leftdhbg.jpg
ERR: 无法加载模块:Application

[ 2016-06-22T21:05:34+08:00 ] ::1 /test/Application/public/Admin/images/leftdhbg.jpg
ERR: 无法加载模块:Application

[ 2016-06-22T21:05:34+08:00 ] ::1 /test/Application/public/Admin/images/leftbgbt2.jpg
ERR: 无法加载模块:Application

[ 2016-06-22T21:05:38+08:00 ] ::1 /test/Application/public/Admin/images/leftdhbg.jpg
ERR: 无法加载模块:Application

[ 2016-06-22T21:05:38+08:00 ] ::1 /test/Application/public/Admin/images/leftbgbt2.jpg
ERR: 无法加载模块:Application

[ 2016-06-22T21:06:35+08:00 ] ::1 /test/Application/public/Admin/images/leftbgbt2.jpg
ERR: 无法加载模块:Application

[ 2016-06-22T21:06:35+08:00 ] ::1 /test/Application/public/Admin/images/leftdhbg.jpg
ERR: 无法加载模块:Application

[ 2016-06-22T21:09:13+08:00 ] ::1 /test/Application/public/Admin/images/leftdhbg.jpg
ERR: 无法加载模块:Application

[ 2016-06-22T21:09:13+08:00 ] ::1 /test/Application/public/Admin/images/leftbgbt2.jpg
ERR: 无法加载模块:Application

[ 2016-06-22T21:10:17+08:00 ] ::1 /test/Application/public/Admin/images/leftbgbt2.jpg
ERR: 无法加载模块:Application

[ 2016-06-22T21:10:17+08:00 ] ::1 /test/Application/public/Admin/images/leftdhbg.jpg
ERR: 无法加载模块:Application

[ 2016-06-22T21:10:44+08:00 ] ::1 /test/Application/public/Admin/images/leftdhbg.jpg
ERR: 无法加载模块:Application

[ 2016-06-22T21:10:44+08:00 ] ::1 /test/Application/public/Admin/images/leftbgbt2.jpg
ERR: 无法加载模块:Application

[ 2016-06-22T21:12:18+08:00 ] ::1 /test/Application/public/Admin/images/leftdhbg.jpg
ERR: 无法加载模块:Application

[ 2016-06-22T21:12:18+08:00 ] ::1 /test/Application/public/Admin/images/leftbgbt2.jpg
ERR: 无法加载模块:Application

[ 2016-06-22T21:12:40+08:00 ] ::1 /test/Application/public/Admin/images/leftdhbg.jpg
ERR: 无法加载模块:Application

[ 2016-06-22T21:12:40+08:00 ] ::1 /test/Application/public/Admin/images/leftbgbt2.jpg
ERR: 无法加载模块:Application

[ 2016-06-22T21:13:45+08:00 ] ::1 /test/Application/public/Admin/images/leftdhbg.jpg
ERR: 无法加载模块:Application

[ 2016-06-22T21:13:45+08:00 ] ::1 /test/Application/public/Admin/images/leftbgbt2.jpg
ERR: 无法加载模块:Application

[ 2016-06-22T21:15:01+08:00 ] ::1 /test/Application/public/Admin/images/leftdhbg.jpg
ERR: 无法加载模块:Application

[ 2016-06-22T21:15:01+08:00 ] ::1 /test/Application/public/Admin/images/leftbgbt2.jpg
ERR: 无法加载模块:Application

[ 2016-06-22T21:15:28+08:00 ] ::1 /test/Application/public/Admin/images/leftbgbt2.jpg
ERR: 无法加载模块:Application

[ 2016-06-22T21:15:28+08:00 ] ::1 /test/Application/public/Admin/images/leftdhbg.jpg
ERR: 无法加载模块:Application

[ 2016-06-22T21:16:19+08:00 ] ::1 /test/Application/public/Admin/images/leftbgbt2.jpg
ERR: 无法加载模块:Application

[ 2016-06-22T21:16:19+08:00 ] ::1 /test/Application/public/Admin/images/leftdhbg.jpg
ERR: 无法加载模块:Application

[ 2016-06-22T21:17:33+08:00 ] ::1 /test/Application/public/Admin/images/leftdhbg.jpg
ERR: 无法加载模块:Application

[ 2016-06-22T21:17:33+08:00 ] ::1 /test/Application/public/Admin/images/leftbgbt2.jpg
ERR: 无法加载模块:Application

[ 2016-06-22T21:18:56+08:00 ] ::1 /test/Application/public/Admin/images/leftdhbg.jpg
ERR: 无法加载模块:Application

[ 2016-06-22T21:18:56+08:00 ] ::1 /test/Application/public/Admin/images/leftbgbt2.jpg
ERR: 无法加载模块:Application

[ 2016-06-22T21:19:35+08:00 ] ::1 /test/Application/public/Admin/images/leftdhbg.jpg
ERR: 无法加载模块:Application

[ 2016-06-22T21:19:35+08:00 ] ::1 /test/Application/public/Admin/images/leftbgbt2.jpg
ERR: 无法加载模块:Application

[ 2016-06-22T21:21:21+08:00 ] ::1 /test/Application/public/Admin/images/leftdhbg.jpg
ERR: 无法加载模块:Application

[ 2016-06-22T21:21:21+08:00 ] ::1 /test/Application/public/Admin/images/leftbgbt2.jpg
ERR: 无法加载模块:Application

[ 2016-06-22T21:23:47+08:00 ] ::1 /test/Application/public/Admin/images/leftdhbg.jpg
ERR: 无法加载模块:Application

[ 2016-06-22T21:23:47+08:00 ] ::1 /test/Application/public/Admin/images/leftbgbt2.jpg
ERR: 无法加载模块:Application

[ 2016-06-22T21:24:23+08:00 ] ::1 /test/Application/public/Admin/images/leftdhbg.jpg
ERR: 无法加载模块:Application

[ 2016-06-22T21:24:23+08:00 ] ::1 /test/Application/public/Admin/images/leftbgbt2.jpg
ERR: 无法加载模块:Application

[ 2016-06-22T21:24:25+08:00 ] ::1 /test/Application/public/Admin/images/leftbgbt2.jpg
ERR: 无法加载模块:Application

[ 2016-06-22T21:24:25+08:00 ] ::1 /test/Application/public/Admin/images/leftdhbg.jpg
ERR: 无法加载模块:Application

[ 2016-06-22T21:25:21+08:00 ] ::1 /test/Application/public/Admin/images/leftbgbt2.jpg
ERR: 无法加载模块:Application

[ 2016-06-22T21:25:21+08:00 ] ::1 /test/Application/public/Admin/images/leftdhbg.jpg
ERR: 无法加载模块:Application

[ 2016-06-22T21:25:41+08:00 ] ::1 /test/Application/public/Admin/images/leftbgbt2.jpg
ERR: 无法加载模块:Application

[ 2016-06-22T21:26:02+08:00 ] ::1 /test/Application/public/Admin/images/leftdhbg.jpg
ERR: 无法加载模块:Application

[ 2016-06-22T21:26:02+08:00 ] ::1 /test/Application/public/Admin/images/leftbgbt2.jpg
ERR: 无法加载模块:Application

[ 2016-06-22T21:26:19+08:00 ] ::1 /test/Application/public/Admin/images/leftbgbt2.jpg
ERR: 无法加载模块:Application

[ 2016-06-22T21:28:16+08:00 ] ::1 /test/Application/public/Admin/images/leftdhbg.jpg
ERR: 无法加载模块:Application

[ 2016-06-22T21:28:16+08:00 ] ::1 /test/Application/public/Admin/images/leftbgbt2.jpg
ERR: 无法加载模块:Application

[ 2016-06-22T21:28:59+08:00 ] ::1 /test/Application/public/Admin/images/leftdhbg.jpg
ERR: 无法加载模块:Application

[ 2016-06-22T21:28:59+08:00 ] ::1 /test/Application/public/Admin/images/leftbgbt2.jpg
ERR: 无法加载模块:Application

[ 2016-06-22T21:36:12+08:00 ] ::1 /test/Application/public/Admin/images/leftdhbg.jpg
ERR: 无法加载模块:Application

[ 2016-06-22T21:36:12+08:00 ] ::1 /test/Application/public/Admin/images/leftbgbt2.jpg
ERR: 无法加载模块:Application

[ 2016-06-22T21:40:50+08:00 ] ::1 /test/Application/public/Admin/images/leftdhbg.jpg
ERR: 无法加载模块:Application

[ 2016-06-22T21:40:50+08:00 ] ::1 /test/Application/public/Admin/images/leftbgbt2.jpg
ERR: 无法加载模块:Application

[ 2016-06-22T21:41:19+08:00 ] ::1 /test/Application/public/Admin/images/leftbgbt2.jpg
ERR: 无法加载模块:Application

[ 2016-06-22T21:41:19+08:00 ] ::1 /test/Application/public/Admin/images/leftdhbg.jpg
ERR: 无法加载模块:Application

[ 2016-06-22T21:43:09+08:00 ] ::1 /test/Application/public/Admin/images/leftdhbg.jpg
ERR: 无法加载模块:Application

[ 2016-06-22T21:43:09+08:00 ] ::1 /test/Application/public/Admin/images/leftbgbt2.jpg
ERR: 无法加载模块:Application

[ 2016-06-22T21:44:34+08:00 ] ::1 /test/Application/public/Admin/images/leftdhbg.jpg
ERR: 无法加载模块:Application

[ 2016-06-22T21:44:34+08:00 ] ::1 /test/Application/public/Admin/images/leftbgbt2.jpg
ERR: 无法加载模块:Application

[ 2016-06-22T21:47:19+08:00 ] ::1 /test/Application/public/Admin/images/leftdhbg.jpg
ERR: 无法加载模块:Application

[ 2016-06-22T21:47:19+08:00 ] ::1 /test/Application/public/Admin/images/leftbgbt2.jpg
ERR: 无法加载模块:Application

[ 2016-06-22T21:47:24+08:00 ] ::1 /test/Application/public/Admin/images/leftdhbg.jpg
ERR: 无法加载模块:Application

[ 2016-06-22T21:47:24+08:00 ] ::1 /test/Application/public/Admin/images/leftbgbt2.jpg
ERR: 无法加载模块:Application

[ 2016-06-22T21:47:35+08:00 ] ::1 /test/Application/public/Admin/images/leftbgbt2.jpg
ERR: 无法加载模块:Application

[ 2016-06-22T21:47:35+08:00 ] ::1 /test/Application/public/Admin/images/leftdhbg.jpg
ERR: 无法加载模块:Application

[ 2016-06-22T21:48:15+08:00 ] ::1 /test/Application/public/Admin/images/leftbgbt2.jpg
ERR: 无法加载模块:Application

[ 2016-06-22T21:48:15+08:00 ] ::1 /test/Application/public/Admin/images/leftdhbg.jpg
ERR: 无法加载模块:Application

[ 2016-06-22T21:48:25+08:00 ] ::1 /test/Application/public/Admin/images/leftbgbt2.jpg
ERR: 无法加载模块:Application

[ 2016-06-22T21:48:25+08:00 ] ::1 /test/Application/public/Admin/images/leftdhbg.jpg
ERR: 无法加载模块:Application

[ 2016-06-22T21:48:29+08:00 ] ::1 /test/Application/public/Admin/images/leftdhbg.jpg
ERR: 无法加载模块:Application


[ 2016-06-22T21:48:39+08:00 ] ::1 /test/Application/public/Admin/images/leftdhbg.jpg
ERR: 无法加载模块:Application

[ 2016-06-22T21:48:39+08:00 ] ::1 /test/Application/public/Admin/images/leftbgbt2.jpg
ERR: 无法加载模块:Application

[ 2016-06-22T21:48:42+08:00 ] ::1 /test/Application/public/Admin/images/leftbgbt2.jpg
ERR: 无法加载模块:Application

[ 2016-06-22T21:48:42+08:00 ] ::1 /test/Application/public/Admin/images/leftdhbg.jpg
ERR: 无法加载模块:Application

[ 2016-06-22T21:49:23+08:00 ] ::1 /test/Application/public/Admin/images/leftbgbt2.jpg
ERR: 无法加载模块:Application

[ 2016-06-22T21:49:23+08:00 ] ::1 /test/Application/public/Admin/images/leftdhbg.jpg
ERR: 无法加载模块:Application

[ 2016-06-22T21:49:24+08:00 ] ::1 /test/Application/public/Admin/images/leftbgbt2.jpg
ERR: 无法加载模块:Application

[ 2016-06-22T21:49:24+08:00 ] ::1 /test/Application/public/Admin/images/leftdhbg.jpg
ERR: 无法加载模块:Application

[ 2016-06-22T21:49:28+08:00 ] ::1 /test/Application/public/Admin/images/leftbgbt2.jpg
ERR: 无法加载模块:Application

[ 2016-06-22T21:49:28+08:00 ] ::1 /test/Application/public/Admin/images/leftdhbg.jpg
ERR: 无法加载模块:Application

[ 2016-06-22T21:49:30+08:00 ] ::1 /test/Application/public/Admin/images/leftdhbg.jpg
ERR: 无法加载模块:Application

[ 2016-06-22T21:49:30+08:00 ] ::1 /test/Application/public/Admin/images/leftbgbt2.jpg
ERR: 无法加载模块:Application

[ 2016-06-22T21:49:31+08:00 ] ::1 /test/Application/public/Admin/images/leftdhbg.jpg
ERR: 无法加载模块:Application

[ 2016-06-22T21:49:31+08:00 ] ::1 /test/Application/public/Admin/images/leftbgbt2.jpg
ERR: 无法加载模块:Application

[ 2016-06-22T21:49:33+08:00 ] ::1 /test/Application/public/Admin/images/leftbgbt2.jpg
ERR: 无法加载模块:Application

[ 2016-06-22T21:49:33+08:00 ] ::1 /test/Application/public/Admin/images/leftdhbg.jpg
ERR: 无法加载模块:Application

[ 2016-06-22T21:49:37+08:00 ] ::1 /test/Application/public/Admin/images/leftdhbg.jpg
ERR: 无法加载模块:Application

[ 2016-06-22T21:49:37+08:00 ] ::1 /test/Application/public/Admin/images/leftbgbt2.jpg
ERR: 无法加载模块:Application

[ 2016-06-22T21:49:39+08:00 ] ::1 /test/Application/public/Admin/images/leftbgbt2.jpg
ERR: 无法加载模块:Application

[ 2016-06-22T21:49:39+08:00 ] ::1 /test/Application/public/Admin/images/leftdhbg.jpg
ERR: 无法加载模块:Application

[ 2016-06-22T21:49:41+08:00 ] ::1 /test/Application/public/Admin/images/leftdhbg.jpg
ERR: 无法加载模块:Application

[ 2016-06-22T21:49:41+08:00 ] ::1 /test/Application/public/Admin/images/leftbgbt2.jpg
ERR: 无法加载模块:Application

[ 2016-06-22T21:51:22+08:00 ] ::1 /test/Application/public/Admin/images/leftdhbg.jpg
ERR: 无法加载模块:Application

[ 2016-06-22T21:51:22+08:00 ] ::1 /test/Application/public/Admin/images/leftbgbt2.jpg
ERR: 无法加载模块:Application

[ 2016-06-22T21:51:24+08:00 ] ::1 /test/Application/public/Admin/images/leftdhbg.jpg
ERR: 无法加载模块:Application

[ 2016-06-22T21:51:24+08:00 ] ::1 /test/Application/public/Admin/images/leftbgbt2.jpg
ERR: 无法加载模块:Application

[ 2016-06-22T21:51:26+08:00 ] ::1 /test/Application/public/Admin/images/leftbgbt2.jpg
ERR: 无法加载模块:Application

[ 2016-06-22T21:51:26+08:00 ] ::1 /test/Application/public/Admin/images/leftdhbg.jpg
ERR: 无法加载模块:Application

[ 2016-06-22T21:51:29+08:00 ] ::1 /test/Application/public/Admin/images/leftdhbg.jpg
ERR: 无法加载模块:Application

[ 2016-06-22T21:51:29+08:00 ] ::1 /test/Application/public/Admin/images/leftbgbt2.jpg
ERR: 无法加载模块:Application

[ 2016-06-22T21:51:31+08:00 ] ::1 /test/Application/public/Admin/images/leftdhbg.jpg
ERR: 无法加载模块:Application

[ 2016-06-22T21:51:31+08:00 ] ::1 /test/Application/public/Admin/images/leftbgbt2.jpg
ERR: 无法加载模块:Application

[ 2016-06-22T21:51:32+08:00 ] ::1 /test/Application/public/Admin/images/leftdhbg.jpg
ERR: 无法加载模块:Application

[ 2016-06-22T21:51:32+08:00 ] ::1 /test/Application/public/Admin/images/leftbgbt2.jpg
ERR: 无法加载模块:Application

[ 2016-06-22T21:55:14+08:00 ] ::1 /test/Application/public/Admin/images/leftdhbg.jpg
ERR: 无法加载模块:Application

[ 2016-06-22T21:55:14+08:00 ] ::1 /test/Application/public/Admin/images/leftbgbt2.jpg
ERR: 无法加载模块:Application

[ 2016-06-22T21:55:17+08:00 ] ::1 /test/Application/public/Admin/images/leftbgbt2.jpg
ERR: 无法加载模块:Application

[ 2016-06-22T21:55:17+08:00 ] ::1 /test/Application/public/Admin/images/leftdhbg.jpg
ERR: 无法加载模块:Application

[ 2016-06-22T21:55:27+08:00 ] ::1 /test/Application/public/Admin/images/leftdhbg.jpg
ERR: 无法加载模块:Application

[ 2016-06-22T21:55:27+08:00 ] ::1 /test/Application/public/Admin/images/leftbgbt2.jpg
ERR: 无法加载模块:Application

[ 2016-06-22T22:26:54+08:00 ] ::1 /test/Application/public/Admin/images/leftdhbg.jpg
ERR: 无法加载模块:Application

[ 2016-06-22T22:26:54+08:00 ] ::1 /test/Application/public/Admin/images/leftbgbt2.jpg
ERR: 无法加载模块:Application

[ 2016-06-22T22:26:57+08:00 ] ::1 /test/Application/public/Admin/images/leftdhbg.jpg
ERR: 无法加载模块:Application

[ 2016-06-22T22:26:57+08:00 ] ::1 /test/Application/public/Admin/images/leftbgbt2.jpg
ERR: 无法加载模块:Application

[ 2016-06-22T22:27:54+08:00 ] ::1 /test/Application/public/Admin/images/leftbgbt2.jpg
ERR: 无法加载模块:Application

[ 2016-06-22T22:27:54+08:00 ] ::1 /test/Application/public/Admin/images/leftdhbg.jpg
ERR: 无法加载模块:Application

[ 2016-06-22T22:28:03+08:00 ] ::1 /test/Application/public/Admin/images/leftbgbt2.jpg
ERR: 无法加载模块:Application

[ 2016-06-22T22:28:03+08:00 ] ::1 /test/Application/public/Admin/images/leftdhbg.jpg
ERR: 无法加载模块:Application

[ 2016-06-22T22:28:36+08:00 ] ::1 /test/Application/public/Admin/images/leftdhbg.jpg
ERR: 无法加载模块:Application

[ 2016-06-22T22:28:36+08:00 ] ::1 /test/Application/public/Admin/images/leftbgbt2.jpg
ERR: 无法加载模块:Application

[ 2016-06-22T22:28:39+08:00 ] ::1 /test/Application/public/Admin/images/leftbgbt2.jpg
ERR: 无法加载模块:Application

[ 2016-06-22T22:28:39+08:00 ] ::1 /test/Application/public/Admin/images/leftdhbg.jpg
ERR: 无法加载模块:Application

[ 2016-06-22T22:31:08+08:00 ] ::1 /test/Application/public/Admin/images/leftdhbg.jpg
ERR: 无法加载模块:Application

[ 2016-06-22T22:31:08+08:00 ] ::1 /test/Application/public/Admin/images/leftbgbt2.jpg
ERR: 无法加载模块:Application

[ 2016-06-22T22:31:09+08:00 ] ::1 /test/Application/public/Admin/images/leftbgbt2.jpg
ERR: 无法加载模块:Application

[ 2016-06-22T22:31:09+08:00 ] ::1 /test/Application/public/Admin/images/leftdhbg.jpg
ERR: 无法加载模块:Application

[ 2016-06-22T22:33:07+08:00 ] ::1 /test/Application/public/Admin/images/leftbgbt2.jpg
ERR: 无法加载模块:Application

[ 2016-06-22T22:33:07+08:00 ] ::1 /test/Application/public/Admin/images/leftdhbg.jpg
ERR: 无法加载模块:Application

[ 2016-06-22T22:33:08+08:00 ] ::1 /test/Application/public/Admin/images/leftdhbg.jpg
ERR: 无法加载模块:Application

[ 2016-06-22T22:33:08+08:00 ] ::1 /test/Application/public/Admin/images/leftbgbt2.jpg
ERR: 无法加载模块:Application

[ 2016-06-22T22:34:36+08:00 ] ::1 /test/Application/public/Admin/images/leftdhbg.jpg
ERR: 无法加载模块:Application

[ 2016-06-22T22:34:36+08:00 ] ::1 /test/Application/public/Admin/images/leftbgbt2.jpg
ERR: 无法加载模块:Application

[ 2016-06-22T22:34:38+08:00 ] ::1 /test/Application/public/Admin/images/leftdhbg.jpg
ERR: 无法加载模块:Application


[ 2016-06-22T22:34:41+08:00 ] ::1 /test/Application/public/Admin/images/leftdhbg.jpg
ERR: 无法加载模块:Application

[ 2016-06-22T22:34:41+08:00 ] ::1 /test/Application/public/Admin/images/leftbgbt2.jpg
ERR: 无法加载模块:Application

[ 2016-06-22T22:35:52+08:00 ] ::1 /test/Application/public/Admin/images/leftdhbg.jpg
ERR: 无法加载模块:Application

[ 2016-06-22T22:35:52+08:00 ] ::1 /test/Application/public/Admin/images/leftbgbt2.jpg
ERR: 无法加载模块:Application

[ 2016-06-22T22:36:33+08:00 ] ::1 /test/Application/public/Admin/images/leftdhbg.jpg
ERR: 无法加载模块:Application

[ 2016-06-22T22:36:33+08:00 ] ::1 /test/Application/public/Admin/images/leftbgbt2.jpg
ERR: 无法加载模块:Application

[ 2016-06-22T22:37:03+08:00 ] ::1 /test/Application/public/Admin/images/leftbgbt2.jpg
ERR: 无法加载模块:Application

[ 2016-06-22T22:37:03+08:00 ] ::1 /test/Application/public/Admin/images/leftdhbg.jpg
ERR: 无法加载模块:Application

[ 2016-06-22T22:51:41+08:00 ] ::1 /test/Application/public/Admin/images/leftdhbg.jpg
ERR: 无法加载模块:Application

[ 2016-06-22T22:51:41+08:00 ] ::1 /test/Application/public/Admin/images/leftbgbt2.jpg
ERR: 无法加载模块:Application

[ 2016-06-22T22:55:37+08:00 ] ::1 /test/Application/public/Admin/images/leftdhbg.jpg
ERR: 无法加载模块:Application

[ 2016-06-22T22:55:37+08:00 ] ::1 /test/Application/public/Admin/images/leftbgbt2.jpg
ERR: 无法加载模块:Application

